
Circuit 1 cell sky130_fd_pr__nfet_01v8_lvt and Circuit 2 cell sky130_fd_pr__nfet_01v8_lvt are black boxes.
Warning: Equate pins:  cell sky130_fd_pr__nfet_01v8_lvt is a placeholder, treated as a black box.
Warning: Equate pins:  cell sky130_fd_pr__nfet_01v8_lvt is a placeholder, treated as a black box.

Subcircuit pins:
Circuit 1: sky130_fd_pr__nfet_01v8_lvt     |Circuit 2: sky130_fd_pr__nfet_01v8_lvt     
-------------------------------------------|-------------------------------------------
1                                          |1                                          
2                                          |2                                          
3                                          |3                                          
4                                          |4                                          
---------------------------------------------------------------------------------------
Cell pin lists are equivalent.
Device classes sky130_fd_pr__nfet_01v8_lvt and sky130_fd_pr__nfet_01v8_lvt are equivalent.

Circuit 1 cell sky130_fd_pr__pfet_01v8_lvt and Circuit 2 cell sky130_fd_pr__pfet_01v8_lvt are black boxes.
Warning: Equate pins:  cell sky130_fd_pr__pfet_01v8_lvt is a placeholder, treated as a black box.
Warning: Equate pins:  cell sky130_fd_pr__pfet_01v8_lvt is a placeholder, treated as a black box.

Subcircuit pins:
Circuit 1: sky130_fd_pr__pfet_01v8_lvt     |Circuit 2: sky130_fd_pr__pfet_01v8_lvt     
-------------------------------------------|-------------------------------------------
1                                          |1                                          
2                                          |2                                          
3                                          |3                                          
4                                          |4                                          
---------------------------------------------------------------------------------------
Cell pin lists are equivalent.
Device classes sky130_fd_pr__pfet_01v8_lvt and sky130_fd_pr__pfet_01v8_lvt are equivalent.
Flattening unmatched subcell sky130_fd_pr__nfet_01v8_lvt_679SCY in circuit lowpowerdflipflop2 (0)(1 instance)
Flattening unmatched subcell sky130_fd_pr__pfet_01v8_lvt_w35l035$1$1$1 in circuit lowpowerdflipflop2 (0)(1 instance)
Flattening unmatched subcell sky130_fd_pr__pfet_01v8_lvt_w525l035 in circuit lowpowerdflipflop2 (0)(1 instance)
Flattening unmatched subcell sky130_fd_pr__nfet_01v8_lvt_w165l015 in circuit lowpowerdflipflop2 (0)(1 instance)
Flattening unmatched subcell sky130_fd_pr__pfet_01v8_lvt_w35l035$4 in circuit lowpowerdflipflop2 (0)(1 instance)
Flattening unmatched subcell sky130_fd_pr__pfet_01v8_lvt_UBFBBJ in circuit lowpowerdflipflop2 (0)(1 instance)
Flattening unmatched subcell sky130_fd_pr__nfet_01v8_lvt_w55l015$3 in circuit lowpowerdflipflop2 (0)(1 instance)
Flattening unmatched subcell sky130_fd_pr__pfet_01v8_lvt_w35l035$2 in circuit lowpowerdflipflop2 (0)(1 instance)
Flattening unmatched subcell sky130_fd_pr__pfet_01v8_lvt_w35l035$1$2 in circuit lowpowerdflipflop2 (0)(1 instance)
Flattening unmatched subcell sky130_fd_pr__nfet_01v8_lvt_w55l015$1 in circuit lowpowerdflipflop2 (0)(1 instance)
Flattening unmatched subcell sky130_fd_pr__nfet_01v8_lvt_w10l015 in circuit lowpowerdflipflop2 (0)(1 instance)
Flattening unmatched subcell sky130_fd_pr__pfet_01v8_lvt_w525l035$1 in circuit lowpowerdflipflop2 (0)(1 instance)
Flattening unmatched subcell sky130_fd_pr__nfet_01v8_lvt_w10l025$1 in circuit lowpowerdflipflop2 (0)(1 instance)
Flattening unmatched subcell sky130_fd_pr__nfet_01v8_lvt_VWZB7L in circuit lowpowerdflipflop2 (0)(1 instance)
Flattening unmatched subcell sky130_fd_pr__nfet_01v8_lvt_w20l015 in circuit lowpowerdflipflop2 (0)(1 instance)
Flattening unmatched subcell sky130_fd_pr__pfet_01v8_lvt_w10l035$1 in circuit lowpowerdflipflop2 (0)(1 instance)
Flattening unmatched subcell sky130_fd_pr__nfet_01v8_lvt_w55l015$4 in circuit lowpowerdflipflop2 (0)(1 instance)
Flattening unmatched subcell sky130_fd_pr__pfet_01v8_lvt_w35l035$3 in circuit lowpowerdflipflop2 (0)(1 instance)
Flattening unmatched subcell sky130_fd_pr__pfet_01v8_lvt_w10l035 in circuit lowpowerdflipflop2 (0)(1 instance)
Flattening unmatched subcell sky130_fd_pr__nfet_01v8_lvt_w55l015$2 in circuit lowpowerdflipflop2 (0)(1 instance)
Flattening unmatched subcell sky130_fd_pr__pfet_01v8_lvt_w35l035$1 in circuit lowpowerdflipflop2 (0)(1 instance)
Flattening unmatched subcell sky130_fd_pr__pfet_01v8_lvt_w35l035$1$1 in circuit lowpowerdflipflop2 (0)(1 instance)
Flattening unmatched subcell sky130_fd_pr__nfet_01v8_lvt_w10l025 in circuit lowpowerdflipflop2 (0)(1 instance)
Flattening unmatched subcell sky130_fd_pr__nfet_01v8_lvt_w55l015$1$1 in circuit lowpowerdflipflop2 (0)(1 instance)
Flattening unmatched subcell sky130_fd_pr__pfet_01v8_lvt_w35l035 in circuit lowpowerdflipflop2 (0)(1 instance)
Flattening unmatched subcell sky130_fd_pr__nfet_01v8_lvt_w55l015 in circuit lowpowerdflipflop2 (0)(1 instance)

Subcircuit summary:
Circuit 1: lowpowerdflipflop2              |Circuit 2: lowpowerdflipflop2              
-------------------------------------------|-------------------------------------------
sky130_fd_pr__nfet_01v8_lvt (13)           |sky130_fd_pr__nfet_01v8_lvt (13)           
sky130_fd_pr__pfet_01v8_lvt (13)           |sky130_fd_pr__pfet_01v8_lvt (13)           
Number of devices: 26                      |Number of devices: 26                      
Number of nets: 21 **Mismatch**            |Number of nets: 17 **Mismatch**            
---------------------------------------------------------------------------------------
NET mismatches: Class fragments follow (with fanout counts):
Circuit 1: lowpowerdflipflop2              |Circuit 2: lowpowerdflipflop2              

---------------------------------------------------------------------------------------
Net: VSUBS                                 |(no matching net)                          
  sky130_fd_pr__nfet_01v8_lvt/4 = 13       |                                           
                                           |                                           
Net: w_n28_238#                            |(no matching net)                          
  sky130_fd_pr__pfet_01v8_lvt/4 = 11       |                                           
---------------------------------------------------------------------------------------

---------------------------------------------------------------------------------------
(no matching net)                          |Net: VDD                                   
                                           |  sky130_fd_pr__pfet_01v8_lvt/(1|3) = 9    
                                           |  sky130_fd_pr__pfet_01v8_lvt/4 = 13       
                                           |                                           
(no matching net)                          |Net: VSS                                   
                                           |  sky130_fd_pr__nfet_01v8_lvt/(1|3) = 9    
                                           |  sky130_fd_pr__nfet_01v8_lvt/4 = 13       
---------------------------------------------------------------------------------------

---------------------------------------------------------------------------------------
Net: /sky130_fd_pr__pfet_01v8_lvt_w10l035_ |(no matching net)                          
  sky130_fd_pr__pfet_01v8_lvt/4 = 1        |                                           
                                           |                                           
Net: /sky130_fd_pr__pfet_01v8_lvt_w10l035$ |(no matching net)                          
  sky130_fd_pr__pfet_01v8_lvt/4 = 1        |                                           
---------------------------------------------------------------------------------------

---------------------------------------------------------------------------------------
Net: INV1                                  |Net: INV1                                  
  sky130_fd_pr__pfet_01v8_lvt/(1|3) = 1    |  sky130_fd_pr__pfet_01v8_lvt/(1|3) = 1    
  sky130_fd_pr__nfet_01v8_lvt/2 = 3        |  sky130_fd_pr__nfet_01v8_lvt/2 = 3        
  sky130_fd_pr__nfet_01v8_lvt/(1|3) = 1    |  sky130_fd_pr__nfet_01v8_lvt/(1|3) = 1    
  sky130_fd_pr__pfet_01v8_lvt/2 = 3        |  sky130_fd_pr__pfet_01v8_lvt/2 = 3        
---------------------------------------------------------------------------------------

---------------------------------------------------------------------------------------
Net: D                                     |Net: D                                     
  sky130_fd_pr__pfet_01v8_lvt/(1|3) = 1    |  sky130_fd_pr__pfet_01v8_lvt/(1|3) = 1    
  sky130_fd_pr__nfet_01v8_lvt/(1|3) = 1    |  sky130_fd_pr__nfet_01v8_lvt/(1|3) = 1    
                                           |                                           
Net: NQ                                    |Net: NQ                                    
  sky130_fd_pr__pfet_01v8_lvt/(1|3) = 1    |  sky130_fd_pr__pfet_01v8_lvt/(1|3) = 1    
  sky130_fd_pr__nfet_01v8_lvt/(1|3) = 1    |  sky130_fd_pr__nfet_01v8_lvt/(1|3) = 1    
                                           |                                           
Net: m1_4324_38#                           |Net: net5                                  
  sky130_fd_pr__pfet_01v8_lvt/(1|3) = 2    |  sky130_fd_pr__nfet_01v8_lvt/(1|3) = 2    
                                           |                                           
Net: m1_4405_n4518#                        |Net: net4                                  
  sky130_fd_pr__nfet_01v8_lvt/(1|3) = 2    |  sky130_fd_pr__pfet_01v8_lvt/(1|3) = 2    
                                           |                                           
Net: m1_7953_n4518#                        |Net: net2                                  
  sky130_fd_pr__nfet_01v8_lvt/(1|3) = 2    |  sky130_fd_pr__nfet_01v8_lvt/(1|3) = 2    
                                           |                                           
Net: m1_7872_38#                           |Net: net1                                  
  sky130_fd_pr__pfet_01v8_lvt/(1|3) = 2    |  sky130_fd_pr__pfet_01v8_lvt/(1|3) = 2    
                                           |                                           
Net: CLK                                   |Net: CLK                                   
  sky130_fd_pr__pfet_01v8_lvt/2 = 1        |  sky130_fd_pr__pfet_01v8_lvt/2 = 1        
  sky130_fd_pr__nfet_01v8_lvt/2 = 1        |  sky130_fd_pr__nfet_01v8_lvt/2 = 1        
---------------------------------------------------------------------------------------

---------------------------------------------------------------------------------------
Net: Q                                     |Net: Q                                     
  sky130_fd_pr__nfet_01v8_lvt/(1|3) = 1    |  sky130_fd_pr__nfet_01v8_lvt/(1|3) = 1    
  sky130_fd_pr__pfet_01v8_lvt/2 = 2        |  sky130_fd_pr__pfet_01v8_lvt/2 = 2        
  sky130_fd_pr__pfet_01v8_lvt/(1|3) = 1    |  sky130_fd_pr__pfet_01v8_lvt/(1|3) = 1    
  sky130_fd_pr__nfet_01v8_lvt/2 = 2        |  sky130_fd_pr__nfet_01v8_lvt/2 = 2        
                                           |                                           
Net: m1_6986_n314#                         |Net: net3                                  
  sky130_fd_pr__pfet_01v8_lvt/(1|3) = 2    |  sky130_fd_pr__pfet_01v8_lvt/(1|3) = 2    
  sky130_fd_pr__nfet_01v8_lvt/(1|3) = 2    |  sky130_fd_pr__nfet_01v8_lvt/(1|3) = 2    
  sky130_fd_pr__nfet_01v8_lvt/2 = 1        |  sky130_fd_pr__pfet_01v8_lvt/2 = 1        
  sky130_fd_pr__pfet_01v8_lvt/2 = 1        |  sky130_fd_pr__nfet_01v8_lvt/2 = 1        
                                           |                                           
Net: Latch1                                |Net: Latch1                                
  sky130_fd_pr__nfet_01v8_lvt/(1|3) = 2    |  sky130_fd_pr__nfet_01v8_lvt/(1|3) = 2    
  sky130_fd_pr__pfet_01v8_lvt/(1|3) = 2    |  sky130_fd_pr__pfet_01v8_lvt/(1|3) = 2    
  sky130_fd_pr__nfet_01v8_lvt/2 = 1        |  sky130_fd_pr__nfet_01v8_lvt/2 = 1        
  sky130_fd_pr__pfet_01v8_lvt/2 = 1        |  sky130_fd_pr__pfet_01v8_lvt/2 = 1        
                                           |                                           
Net: TX1                                   |Net: TX1                                   
  sky130_fd_pr__nfet_01v8_lvt/2 = 1        |  sky130_fd_pr__nfet_01v8_lvt/2 = 1        
  sky130_fd_pr__pfet_01v8_lvt/2 = 1        |  sky130_fd_pr__pfet_01v8_lvt/2 = 1        
  sky130_fd_pr__pfet_01v8_lvt/(1|3) = 2    |  sky130_fd_pr__pfet_01v8_lvt/(1|3) = 2    
  sky130_fd_pr__nfet_01v8_lvt/(1|3) = 2    |  sky130_fd_pr__nfet_01v8_lvt/(1|3) = 2    
                                           |                                           
Net: INV2                                  |Net: INV2                                  
  sky130_fd_pr__pfet_01v8_lvt/2 = 2        |  sky130_fd_pr__pfet_01v8_lvt/2 = 2        
  sky130_fd_pr__nfet_01v8_lvt/(1|3) = 1    |  sky130_fd_pr__nfet_01v8_lvt/(1|3) = 1    
  sky130_fd_pr__nfet_01v8_lvt/2 = 2        |  sky130_fd_pr__nfet_01v8_lvt/2 = 2        
  sky130_fd_pr__pfet_01v8_lvt/(1|3) = 1    |  sky130_fd_pr__pfet_01v8_lvt/(1|3) = 1    
---------------------------------------------------------------------------------------

---------------------------------------------------------------------------------------
Net: VDD                                   |(no matching net)                          
  sky130_fd_pr__pfet_01v8_lvt/(1|3) = 9    |                                           
                                           |                                           
Net: VSS                                   |(no matching net)                          
  sky130_fd_pr__nfet_01v8_lvt/(1|3) = 9    |                                           
---------------------------------------------------------------------------------------

---------------------------------------------------------------------------------------
Net: m1_8846_n2812#                        |Net: net7                                  
  sky130_fd_pr__pfet_01v8_lvt/2 = 1        |  sky130_fd_pr__pfet_01v8_lvt/(1|3) = 1    
  sky130_fd_pr__nfet_01v8_lvt/2 = 1        |  sky130_fd_pr__nfet_01v8_lvt/(1|3) = 1    
  sky130_fd_pr__nfet_01v8_lvt/(1|3) = 1    |  sky130_fd_pr__pfet_01v8_lvt/2 = 1        
  sky130_fd_pr__pfet_01v8_lvt/(1|3) = 1    |  sky130_fd_pr__nfet_01v8_lvt/2 = 1        
                                           |                                           
Net: m1_9575_n2854#                        |Net: net6                                  
  sky130_fd_pr__nfet_01v8_lvt/2 = 1        |  sky130_fd_pr__pfet_01v8_lvt/(1|3) = 1    
  sky130_fd_pr__pfet_01v8_lvt/2 = 1        |  sky130_fd_pr__nfet_01v8_lvt/(1|3) = 1    
  sky130_fd_pr__pfet_01v8_lvt/(1|3) = 1    |  sky130_fd_pr__pfet_01v8_lvt/2 = 1        
  sky130_fd_pr__nfet_01v8_lvt/(1|3) = 1    |  sky130_fd_pr__nfet_01v8_lvt/2 = 1        
---------------------------------------------------------------------------------------
DEVICE mismatches: Class fragments follow (with node fanout counts):
Circuit 1: lowpowerdflipflop2              |Circuit 2: lowpowerdflipflop2              

---------------------------------------------------------------------------------------
Instance: sky130_fd_pr__pfet_01v8_lvt_w35l |Instance: sky130_fd_pr__pfet_01v8_lvt:M25  
  (1,3) = (9,6)                            |  (1,3) = (22,6)                           
  2 = 8                                    |  2 = 4                                    
  4 = 11                                   |  4 = 22                                   
                                           |                                           
Instance: sky130_fd_pr__pfet_01v8_lvt_w35l |Instance: sky130_fd_pr__pfet_01v8_lvt:M23  
  (1,3) = (6,2)                            |  (1,3) = (22,4)                           
  2 = 8                                    |  2 = 4                                    
  4 = 11                                   |  4 = 22                                   
                                           |                                           
Instance: sky130_fd_pr__pfet_01v8_lvt_w35l |Instance: sky130_fd_pr__pfet_01v8_lvt:M13  
  (1,3) = (9,2)                            |  (1,3) = (6,6)                            
  2 = 6                                    |  2 = 8                                    
  4 = 11                                   |  4 = 22                                   
                                           |                                           
Instance: sky130_fd_pr__pfet_01v8_lvt_w35l |Instance: sky130_fd_pr__pfet_01v8_lvt:M21  
  (1,3) = (9,2)                            |  (1,3) = (22,2)                           
  2 = 6                                    |  2 = 6                                    
  4 = 11                                   |  4 = 22                                   
                                           |                                           
Instance: sky130_fd_pr__pfet_01v8_lvt_w35l |Instance: sky130_fd_pr__pfet_01v8_lvt:M16  
  (1,3) = (9,2)                            |  (1,3) = (22,2)                           
  2 = 6                                    |  2 = 6                                    
  4 = 11                                   |  4 = 22                                   
                                           |                                           
Instance: sky130_fd_pr__pfet_01v8_lvt_w10l |Instance: sky130_fd_pr__pfet_01v8_lvt:M8   
  (1,3) = (6,2)                            |  (1,3) = (22,2)                           
  2 = 6                                    |  2 = 6                                    
  4 = 1                                    |  4 = 22                                   
                                           |                                           
Instance: sky130_fd_pr__pfet_01v8_lvt_w35l |Instance: sky130_fd_pr__pfet_01v8_lvt:M19  
  (1,3) = (9,4)                            |  (1,3) = (22,4)                           
  2 = 6                                    |  2 = 6                                    
  4 = 11                                   |  4 = 22                                   
                                           |                                           
Instance: sky130_fd_pr__pfet_01v8_lvt_w10l |Instance: sky130_fd_pr__pfet_01v8_lvt:M11  
  (1,3) = (6,6)                            |  (1,3) = (22,6)                           
  2 = 8                                    |  2 = 6                                    
  4 = 1                                    |  4 = 22                                   
                                           |                                           
Instance: sky130_fd_pr__pfet_01v8_lvt_w525 |Instance: sky130_fd_pr__pfet_01v8_lvt:M7   
  (1,3) = (9,4)                            |  (1,3) = (6,2)                            
  2 = 4                                    |  2 = 8                                    
  4 = 11                                   |  4 = 22                                   
                                           |                                           
Instance: sky130_fd_pr__pfet_01v8_lvt_w35l |Instance: sky130_fd_pr__pfet_01v8_lvt:M4   
  (1,3) = (9,6)                            |  (1,3) = (22,6)                           
  2 = 6                                    |  2 = 8                                    
  4 = 11                                   |  4 = 22                                   
                                           |                                           
Instance: sky130_fd_pr__pfet_01v8_lvt_UBFB |Instance: sky130_fd_pr__pfet_01v8_lvt:M2   
  (1,3) = (9,6)                            |  (1,3) = (22,8)                           
  2 = 4                                    |  2 = 2                                    
  4 = 11                                   |  4 = 22                                   
                                           |                                           
Instance: sky130_fd_pr__pfet_01v8_lvt_w525 |(no matching instance)                     
  (1,3) = (9,8)                            |                                           
  2 = 2                                    |                                           
  4 = 11                                   |                                           
                                           |                                           
                                           |                                           
Instance: sky130_fd_pr__pfet_01v8_lvt_w35l |(no matching instance)                     
  (1,3) = (6,2)                            |                                           
  2 = 6                                    |                                           
  4 = 11                                   |                                           
                                           |                                           
---------------------------------------------------------------------------------------

---------------------------------------------------------------------------------------
Instance: sky130_fd_pr__nfet_01v8_lvt_w55l |Instance: sky130_fd_pr__nfet_01v8_lvt:M26  
  (1,3) = (6,2)                            |  (1,3) = (22,6)                           
  2 = 6                                    |  2 = 4                                    
  4 = 13                                   |  4 = 22                                   
                                           |                                           
Instance: sky130_fd_pr__nfet_01v8_lvt_w55l |Instance: sky130_fd_pr__nfet_01v8_lvt:M24  
  (1,3) = (9,2)                            |  (1,3) = (22,4)                           
  2 = 6                                    |  2 = 4                                    
  4 = 13                                   |  4 = 22                                   
                                           |                                           
Instance: sky130_fd_pr__nfet_01v8_lvt_w10l |Instance: sky130_fd_pr__nfet_01v8_lvt:M14  
  (1,3) = (9,2)                            |  (1,3) = (6,6)                            
  2 = 6                                    |  2 = 6                                    
  4 = 13                                   |  4 = 22                                   
                                           |                                           
Instance: sky130_fd_pr__nfet_01v8_lvt_w55l |Instance: sky130_fd_pr__nfet_01v8_lvt:M22  
  (1,3) = (9,2)                            |  (1,3) = (22,2)                           
  2 = 6                                    |  2 = 6                                    
  4 = 13                                   |  4 = 22                                   
                                           |                                           
Instance: sky130_fd_pr__nfet_01v8_lvt_w55l |Instance: sky130_fd_pr__nfet_01v8_lvt:M18  
  (1,3) = (9,4)                            |  (1,3) = (22,2)                           
  2 = 6                                    |  2 = 6                                    
  4 = 13                                   |  4 = 22                                   
                                           |                                           
Instance: sky130_fd_pr__nfet_01v8_lvt_w20l |Instance: sky130_fd_pr__nfet_01v8_lvt:M10  
  (1,3) = (9,8)                            |  (1,3) = (22,2)                           
  2 = 2                                    |  2 = 6                                    
  4 = 13                                   |  4 = 22                                   
                                           |                                           
Instance: sky130_fd_pr__nfet_01v8_lvt_VWZB |Instance: sky130_fd_pr__nfet_01v8_lvt:M20  
  (1,3) = (9,4)                            |  (1,3) = (22,4)                           
  2 = 4                                    |  2 = 6                                    
  4 = 13                                   |  4 = 22                                   
                                           |                                           
Instance: sky130_fd_pr__nfet_01v8_lvt_w10l |Instance: sky130_fd_pr__nfet_01v8_lvt:M12  
  (1,3) = (6,6)                            |  (1,3) = (22,6)                           
  2 = 6                                    |  2 = 6                                    
  4 = 13                                   |  4 = 22                                   
                                           |                                           
Instance: sky130_fd_pr__nfet_01v8_lvt_w55l |Instance: sky130_fd_pr__nfet_01v8_lvt:M9   
  (1,3) = (9,6)                            |  (1,3) = (6,2)                            
  2 = 6                                    |  2 = 6                                    
  4 = 13                                   |  4 = 22                                   
                                           |                                           
Instance: sky130_fd_pr__nfet_01v8_lvt_w165 |Instance: sky130_fd_pr__nfet_01v8_lvt:M3   
  (1,3) = (9,6)                            |  (1,3) = (22,6)                           
  2 = 8                                    |  2 = 8                                    
  4 = 13                                   |  4 = 22                                   
                                           |                                           
Instance: sky130_fd_pr__nfet_01v8_lvt_679S |Instance: sky130_fd_pr__nfet_01v8_lvt:M1   
  (1,3) = (9,6)                            |  (1,3) = (22,8)                           
  2 = 4                                    |  2 = 2                                    
  4 = 13                                   |  4 = 22                                   
---------------------------------------------------------------------------------------
Netlists do not match.

Subcircuit pins:
Circuit 1: lowpowerdflipflop2              |Circuit 2: lowpowerdflipflop2              
-------------------------------------------|-------------------------------------------
INV1                                       |(no matching pin)                          
D                                          |(no matching pin)                          
NQ                                         |(no matching pin)                          
CLK                                        |(no matching pin)                          
TX1                                        |Q **Mismatch**                             
Latch1                                     |(no matching pin)                          
INV2                                       |(no matching pin)                          
Q                                          |(no matching pin)                          
Cell pin lists are equivalent.
Device classes lowpowerdflipflop2 and lowpowerdflipflop2 are equivalent.

Final result: Netlists do not match.
